<?xml version="1.0" encoding="UTF-8"?>
<!-- Generated by org.testng.reporters.JUnitReportReporter -->
<testsuite skipped="0" hostname="workspace" name="com.paytm.assignment.PaytmApiTest" tests="1" failures="0" timestamp="30 May 2020 12:32:11 GMT" time="6.139" errors="0">
  <testcase name="testMovieData" time="6.139" classname="com.paytm.assignment.PaytmApiTest"/>
</testsuite> <!-- com.paytm.assignment.PaytmApiTest -->
